<?xml version="1.0" encoding="UTF-8"?>
<!-- Generated by org.testng.reporters.JUnitReportReporter -->
<testsuite skipped="0" hostname="DESKTOP-US5T7L0" name="com.cflx.test.TestCurdOperations" tests="1" failures="0" timestamp="2021-08-12T14:37:32 IST" time="0.517" errors="0">
  <testcase name="testDeleteEmployee" time="0.517" classname="com.cflx.test.TestCurdOperations"/>
  <system-out/>
</testsuite> <!-- com.cflx.test.TestCurdOperations -->
